<?xml version="1.0" encoding="UTF-8"?>
<testsuite xmlns:xsi="http://www.w3.org/2001/XMLSchema-instance" xsi:schemaLocation="https://maven.apache.org/surefire/maven-surefire-plugin/xsd/surefire-test-report.xsd" name="TestSuite" time="9.598" tests="1" errors="0" skipped="0" failures="1">
  <properties>
[...]
</properties>
  <testcase name="feature" classname="com.RahulShetty.TestngRunner.TestngRunner" time="8.738">
    <failure message="java.lang.AssertionError: expected [true] but found [false]" type="cucumber.runtime.CucumberException">cucumber.runtime.CucumberException: java.lang.AssertionError: expected [true] but found [false]
Caused by: java.lang.AssertionError: expected [true] but found [false]
</failure>
    <system-out><![CDATA[Feature: A simple google homepage test

  Scenario: Asserting the title of google homepage &amp#27;[90m# myfirstcucumberfeature.feature:3&amp#27;[0m
    &amp#27;[32mGiven &amp#27;[0m&amp#27;[32mI initilize the firefox browser&amp#27;[0m          &amp#27;[90m# FirstStepDefinition.i_initilize_the_firefox_browser()&amp#27;[0m
    &amp#27;[32mAnd &amp#27;[0m&amp#27;[32mI am on google homepage&amp#27;[0m                    &amp#27;[90m# FirstStepDefinition.i_am_on_google_homepage()&amp#27;[0m
    &amp#27;[31mThen &amp#27;[0m&amp#27;[31mI validate the title of the page&amp#27;[0m          &amp#27;[90m# FirstStepDefinition.i_validate_the_title_of_the_page()&amp#27;[0m
      &amp#27;[31mjava.lang.AssertionError: expected [true] but found [false]
      	at org.testng.Assert.fail(Assert.java:94)
      	at org.testng.Assert.failNotEquals(Assert.java:513)
      	at org.testng.Assert.assertTrue(Assert.java:42)
      	at org.testng.Assert.assertTrue(Assert.java:52)
      	at com.RahulShetty.stepdefinition.FirstStepDefinition.i_validate_the_title_of_the_page(FirstStepDefinition.java:25)
      	at ✽.Then I validate the title of the page(myfirstcucumberfeature.feature:6)
      &amp#27;[0m
    &amp#27;[36mAnd &amp#27;[0m&amp#27;[36mI quit the browser&amp#27;[0m                         &amp#27;[90m# FirstStepDefinition.i_quit_the_browser()&amp#27;[0m
]]></system-out>
    <system-err><![CDATA[Oct 10, 2016 4:27:02 PM org.openqa.selenium.remote.ProtocolHandshake createSession
INFO: Attempting bi-dialect session, assuming Postel's Law holds true on the remote end
1476142026464	Marionette	INFO	Listening on port 64928
1476142028078	Marionette	INFO	startBrowser 435732d7-f4c7-e34c-b0e3-3263237eb16d
1476142028090	Marionette	INFO	sendAsync 435732d7-f4c7-e34c-b0e3-3263237eb16d
Oct 10, 2016 4:27:08 PM org.openqa.selenium.remote.ProtocolHandshake createSession
INFO: Detected dialect: W3C
1476142028456	Marionette	INFO	sendAsync 435732d7-f4c7-e34c-b0e3-3263237eb16d
1476142028751	Marionette	INFO	sendAsync 435732d7-f4c7-e34c-b0e3-3263237eb16d
1476142030409	Marionette	INFO	sendAsync 435732d7-f4c7-e34c-b0e3-3263237eb16d
]]></system-err>
  </testcase>
</testsuite>