<?xml version="1.0" encoding="UTF-8"?>
<testng-results skipped="0" failed="0" total="1" passed="1">
  <reporter-output>
  </reporter-output>
  <suite name="Suite" duration-ms="7868" started-at="2016-10-10T16:19:20Z" finished-at="2016-10-10T16:19:28Z">
    <groups>
      <group name="cucumber">
        <method signature="AbstractTestNGCucumberTests.feature(cucumber.api.testng.CucumberFeatureWrapper)[pri:0, instance:com.RahulShetty.TestngRunner.TestngRunner@1d16f93d]" name="feature" class="cucumber.api.testng.AbstractTestNGCucumberTests"/>
      </group> <!-- cucumber -->
    </groups>
    <test name="Test" duration-ms="7868" started-at="2016-10-10T16:19:20Z" finished-at="2016-10-10T16:19:28Z">
      <class name="com.RahulShetty.TestngRunner.TestngRunner">
        <test-method status="PASS" signature="setUpClass()[pri:0, instance:com.RahulShetty.TestngRunner.TestngRunner@1d16f93d]" name="setUpClass" is-config="true" duration-ms="225" started-at="2016-10-10T09:19:20Z" finished-at="2016-10-10T09:19:20Z">
          <reporter-output>
          </reporter-output>
        </test-method> <!-- setUpClass -->
        <test-method status="PASS" signature="feature(cucumber.api.testng.CucumberFeatureWrapper)[pri:0, instance:com.RahulShetty.TestngRunner.TestngRunner@1d16f93d]" name="feature" duration-ms="7548" started-at="2016-10-10T09:19:20Z" description="Runs Cucumber Feature" data-provider="features" finished-at="2016-10-10T09:19:28Z">
          <params>
            <param index="0">
              <value>
                <![CDATA[A simple google homepage test]]>
              </value>
            </param>
          </params>
          <reporter-output>
          </reporter-output>
        </test-method> <!-- feature -->
        <test-method status="PASS" signature="tearDownClass()[pri:0, instance:com.RahulShetty.TestngRunner.TestngRunner@1d16f93d]" name="tearDownClass" is-config="true" duration-ms="15" started-at="2016-10-10T09:19:28Z" finished-at="2016-10-10T09:19:28Z">
          <reporter-output>
          </reporter-output>
        </test-method> <!-- tearDownClass -->
      </class> <!-- com.RahulShetty.TestngRunner.TestngRunner -->
    </test> <!-- Test -->
  </suite> <!-- Suite -->
</testng-results>
